d:\development\fmi-oop\bank\bin\intermediates\x64\debug\vc142.pdb
d:\development\fmi-oop\bank\bin\intermediates\x64\debug\vc142.idb
d:\development\fmi-oop\bank\bin\intermediates\x64\debug\utils.obj
d:\development\fmi-oop\bank\bin\intermediates\x64\debug\menu.obj
d:\development\fmi-oop\bank\bin\intermediates\x64\debug\main.obj
d:\development\fmi-oop\bank\bin\intermediates\x64\debug\customer.obj
d:\development\fmi-oop\bank\bin\intermediates\x64\debug\bank.obj
d:\development\fmi-oop\bank\bin\intermediates\x64\debug\savingsaccount.obj
d:\development\fmi-oop\bank\bin\intermediates\x64\debug\privilegeaccount.obj
d:\development\fmi-oop\bank\bin\intermediates\x64\debug\currentaccount.obj
d:\development\fmi-oop\bank\bin\intermediates\x64\debug\account.obj
d:\development\fmi-oop\bank\bin\x64\debug\bank.exe
d:\development\fmi-oop\bank\bin\x64\debug\bank.ilk
d:\development\fmi-oop\bank\bin\x64\debug\bank.pdb
d:\development\fmi-oop\bank\bin\intermediates\x64\debug\bank.tlog\cl.command.1.tlog
d:\development\fmi-oop\bank\bin\intermediates\x64\debug\bank.tlog\cl.read.1.tlog
d:\development\fmi-oop\bank\bin\intermediates\x64\debug\bank.tlog\cl.write.1.tlog
d:\development\fmi-oop\bank\bin\intermediates\x64\debug\bank.tlog\link.command.1.tlog
d:\development\fmi-oop\bank\bin\intermediates\x64\debug\bank.tlog\link.read.1.tlog
d:\development\fmi-oop\bank\bin\intermediates\x64\debug\bank.tlog\link.write.1.tlog
